Design Assistant report for Niski
Wed Jul 12 09:35:50 2023
Quartus Prime Version 22.1std.1 Build 917 02/14/2023 SC Lite Edition


---------------------
; Table of Contents ;
---------------------
  1. Legal Notice
  2. Design Assistant Summary
  3. Design Assistant Settings
  4. High Violations
  5. Medium Violations
  6. Information only Violations
  7. Design Assistant Messages



----------------
; Legal Notice ;
----------------
Copyright (C) 2023  Intel Corporation. All rights reserved.
Your use of Intel Corporation's design tools, logic functions 
and other software and tools, and any partner logic 
functions, and any output files from any of the foregoing 
(including device programming or simulation files), and any 
associated documentation or information are expressly subject 
to the terms and conditions of the Intel Program License 
Subscription Agreement, the Intel Quartus Prime License Agreement,
the Intel FPGA IP License Agreement, or other applicable license
agreement, including, without limitation, that your use is for
the sole purpose of programming logic devices manufactured by
Intel and sold by Intel or its authorized distributors.  Please
refer to the applicable agreement for further details, at
https://fpgasoftware.intel.com/eula.



+-------------------------------------------------------------------------+
; Design Assistant Summary                                                ;
+-----------------------------------+-------------------------------------+
; Design Assistant Status           ; Analyzed - Wed Jul 12 09:35:50 2023 ;
; Revision Name                     ; Niski                               ;
; Top-level Entity Name             ; Niski                               ;
; Family                            ; Cyclone IV E                        ;
; Total Critical Violations         ; 0                                   ;
; Total High Violations             ; 3                                   ;
; - Rule R101                       ; 1                                   ;
; - Rule D101                       ; 1                                   ;
; - Rule D103                       ; 1                                   ;
; Total Medium Violations           ; 5                                   ;
; - Rule A104                       ; 1                                   ;
; - Rule C104                       ; 3                                   ;
; - Rule R105                       ; 1                                   ;
; Total Information only Violations ; 160                                 ;
; - Rule T101                       ; 110                                 ;
; - Rule T102                       ; 50                                  ;
+-----------------------------------+-------------------------------------+


+------------------------------------------------------------------------------------------------------------------------------------------------------------------------------------------+
; Design Assistant Settings                                                                                                                                                                ;
+----------------------------------------------------------------------------------------------------------------------------------------------------------------------+--------------+----+
; Option                                                                                                                                                               ; Setting      ; To ;
+----------------------------------------------------------------------------------------------------------------------------------------------------------------------+--------------+----+
; Design Assistant mode                                                                                                                                                ; Post-Fitting ;    ;
; Threshold value for clock net not mapped to clock spines rule                                                                                                        ; 25           ;    ;
; Minimum number of clock port feed by gated clocks                                                                                                                    ; 30           ;    ;
; Minimum number of node fan-out                                                                                                                                       ; 30           ;    ;
; Maximum number of nodes to report                                                                                                                                    ; 50           ;    ;
; Rule C101: Gated clock should be implemented according to the Intel FPGA standard scheme                                                                             ; On           ;    ;
; Rule C102: Logic cell should not be used to generate an inverted clock signal                                                                                        ; On           ;    ;
; Rule C103: Gated clock does not feed at least a pre-defined number of clock ports to effectively save power                                                          ; On           ;    ;
; Rule C104: Clock signal source should drive only clock input ports                                                                                                   ; On           ;    ;
; Rule C105: Clock signal should be a global signal                                                                                                                    ; On           ;    ;
; Rule C106: Clock signal source should not drive registers triggered by different clock edges                                                                         ; On           ;    ;
; Rule R101: Combinational logic used as a reset signal should be synchronized                                                                                         ; On           ;    ;
; Rule R102: External reset signals should be synchronized using two cascaded registers                                                                                ; On           ;    ;
; Rule R103: External reset signal should be correctly synchronized                                                                                                    ; On           ;    ;
; Rule R104: The reset signal that is generated in one clock domain and used in another clock domain should be correctly synchronized                                  ; On           ;    ;
; Rule R105: The reset signal that is generated in one clock domain and used in another clock domain should be synchronized                                            ; On           ;    ;
; Rule T101: Nodes with more than the specified number of fan-outs                                                                                                     ; On           ;    ;
; Rule T102: Top nodes with the highest number of fan-outs                                                                                                             ; On           ;    ;
; Rule A101: Design should not contain combinational loops                                                                                                             ; On           ;    ;
; Rule A102: Register output should not drive its own control signal directly or through combinational logic                                                           ; On           ;    ;
; Rule A103: Design should not contain delay chains                                                                                                                    ; On           ;    ;
; Rule A104: Design should not contain ripple clock structures                                                                                                         ; On           ;    ;
; Rule A105: Pulses should not be implemented asynchronously                                                                                                           ; On           ;    ;
; Rule A106: Multiple pulses should not be generated in design                                                                                                         ; On           ;    ;
; Rule A107: Design should not contain SR latches                                                                                                                      ; On           ;    ;
; Rule A108: Design should not contain latches                                                                                                                         ; On           ;    ;
; Rule S101: Output enable and input of the same tri-state node should not be driven by same signal source                                                             ; On           ;    ;
; Rule S102: Synchronous port and asynchronous port of the same register should not be driven by the same signal source                                                ; On           ;    ;
; Rule S103: More than one asynchronous port of a register should not be driven by the same signal source                                                              ; On           ;    ;
; Rule S104: Clock port and any other port of a register should not be driven by the same signal source                                                                ; On           ;    ;
; Rule D101: Data bits are not synchronized when transferred between asynchronous clock domains                                                                        ; On           ;    ;
; Rule D102: Multiple data bits that are transferred across asynchronous clock domains are synchronized, but not all bits may be aligned in the receiving clock domain ; On           ;    ;
; Rule D103: Data bits are not correctly synchronized when transferred between asynchronous clock domains                                                              ; On           ;    ;
+----------------------------------------------------------------------------------------------------------------------------------------------------------------------+--------------+----+


+-------------------------------------------------------------------------------------------------------------------------------------------------------------------------------------------------------------+
; High Violations                                                                                                                                                                                             ;
+-----------------------------------------------------------------------------------------------------------------------+-------------------------------------------------------------------------------------+
; Rule name                                                                                                             ; Name                                                                                ;
+-----------------------------------------------------------------------------------------------------------------------+-------------------------------------------------------------------------------------+
; Rule R101: Combinational logic used as a reset signal should be synchronized                                          ; buttons_controller:inst4|debouncer:debouncers[4].debouncer|value_changed            ;
;  Reset signal destination node(s) list                                                                                ; buttons_controller:inst4|debouncer:debouncers[4].debouncer|counter:counter|value[4] ;
; Rule D101: Data bits are not synchronized when transferred between asynchronous clock domains - Structure 1           ;                                                                                     ;
;  Source node(s) from clock "clocks:inst13|frequency_divider:mhz_generator|slow_clk"                                   ; buttons_controller:inst4|debouncer:debouncers[4].debouncer|debounced_input          ;
;  Destination node(s) from clock "CLK_PIN"                                                                             ; cpu:inst23|cpu_memory_access:memory_access_unit|is_wr                               ;
;  Destination node(s) from clock "CLK_PIN"                                                                             ; cpu:inst23|ma_wr_req                                                                ;
;  Destination node(s) from clock "CLK_PIN"                                                                             ; cpu:inst23|cpu_memory_access:memory_access_unit|bus_req                             ;
; Rule D103: Data bits are not correctly synchronized when transferred between asynchronous clock domains - Structure 1 ;                                                                                     ;
;  Source node(s) from clock "clocks:inst13|frequency_divider:mhz_generator|slow_clk"                                   ; buttons_controller:inst4|debouncer:debouncers[4].debouncer|debounced_input          ;
;  Synchronizer node(s) from clock "CLK_PIN"                                                                            ; cpu:inst23|cpu_memory_access:memory_access_unit|bus_req                             ;
;  Synchronizer node(s) from clock "CLK_PIN"                                                                            ; bus_arbitrator:inst16|state.STATE_CPU                                               ;
+-----------------------------------------------------------------------------------------------------------------------+-------------------------------------------------------------------------------------+


+--------------------------------------------------------------------------------------------------------------------------------------------------------------------------------------------------------------------------------------------+
; Medium Violations                                                                                                                                                                                                                          ;
+-------------------------------------------------------------------------------------------------------------------------------------+------------------------------------------------------------------------------------------------------+
; Rule name                                                                                                                           ; Name                                                                                                 ;
+-------------------------------------------------------------------------------------------------------------------------------------+------------------------------------------------------------------------------------------------------+
; Rule A104: Design should not contain ripple clock structures - Structure 1                                                          ;                                                                                                      ;
;  Structure 1                                                                                                                        ; clocks:inst13|frequency_divider:mhz_generator|slow_clk                                               ;
;  Structure 1                                                                                                                        ; sev_seg_displays_controller:inst10|counter:digit_counter|value[1]                                    ;
;  Structure 1                                                                                                                        ; sev_seg_displays_controller:inst10|counter:digit_counter|value[0]                                    ;
;  Structure 1                                                                                                                        ; sev_seg_displays_controller:inst10|frequency_divider:refresh_tick_generator|slow_clk                 ;
;  Structure 1                                                                                                                        ; sev_seg_displays_controller:inst10|frequency_divider:refresh_tick_generator|counter:counter|value[0] ;
;  Structure 1                                                                                                                        ; clocks:inst13|frequency_divider:khz_generator|slow_clk                                               ;
; Rule C104: Clock signal source should drive only clock input ports                                                                  ; clocks:inst13|frequency_divider:mhz_generator|slow_clk                                               ;
;  Clock ports destination node(s) list                                                                                               ; buttons_controller:inst4|debouncer:debouncers[4].debouncer|debounced_input                           ;
;  Clock ports destination node(s) list                                                                                               ; buttons_controller:inst4|debouncer:debouncers[4].debouncer|counter:counter|value[3]                  ;
;  Clock ports destination node(s) list                                                                                               ; buttons_controller:inst4|debouncer:debouncers[4].debouncer|counter:counter|value[2]                  ;
;  Clock ports destination node(s) list                                                                                               ; buttons_controller:inst4|debouncer:debouncers[4].debouncer|counter:counter|value[1]                  ;
;  Clock ports destination node(s) list                                                                                               ; buttons_controller:inst4|debouncer:debouncers[4].debouncer|counter:counter|value[0]                  ;
;  Clock ports destination node(s) list                                                                                               ; buttons_controller:inst4|debouncer:debouncers[4].debouncer|old_value                                 ;
;  Clock ports destination node(s) list                                                                                               ; buttons_controller:inst4|debouncer:debouncers[4].debouncer|curr_value                                ;
;  Clock ports destination node(s) list                                                                                               ; buttons_controller:inst4|debouncer:debouncers[4].debouncer|counter:counter|value[4]                  ;
;  Clock ports destination node(s) list                                                                                               ; clocks:inst13|frequency_divider:khz_generator|counter:counter|value[2]                               ;
;  Clock ports destination node(s) list                                                                                               ; clocks:inst13|frequency_divider:khz_generator|counter:counter|value[0]                               ;
;  Non-clock ports destination node(s) list                                                                                           ; clocks:inst13|frequency_divider:mhz_generator|slow_clk~0                                             ;
; Rule C104: Clock signal source should drive only clock input ports                                                                  ; sev_seg_displays_controller:inst10|frequency_divider:refresh_tick_generator|slow_clk                 ;
;  Clock ports destination node(s) list                                                                                               ; sev_seg_displays_controller:inst10|counter:digit_counter|value[1]                                    ;
;  Clock ports destination node(s) list                                                                                               ; sev_seg_displays_controller:inst10|counter:digit_counter|value[0]                                    ;
;  Non-clock ports destination node(s) list                                                                                           ; sev_seg_displays_controller:inst10|frequency_divider:refresh_tick_generator|slow_clk~0               ;
; Rule C104: Clock signal source should drive only clock input ports                                                                  ; clocks:inst13|frequency_divider:khz_generator|slow_clk                                               ;
;  Clock ports destination node(s) list                                                                                               ; sev_seg_displays_controller:inst10|frequency_divider:refresh_tick_generator|slow_clk                 ;
;  Clock ports destination node(s) list                                                                                               ; sev_seg_displays_controller:inst10|frequency_divider:refresh_tick_generator|counter:counter|value[0] ;
;  Non-clock ports destination node(s) list                                                                                           ; clocks:inst13|frequency_divider:khz_generator|slow_clk~0                                             ;
; Rule R105: The reset signal that is generated in one clock domain and used in another clock domain should be synchronized           ; buttons_controller:inst4|debouncer:debouncers[4].debouncer|debounced_input                           ;
;  Reset signal destination node(s) from clock "CLK_PIN"                                                                              ; sev_seg_bus_interface:inst7|ctrl_digit_2[6]                                                          ;
;  Reset signal destination node(s) from clock "CLK_PIN"                                                                              ; cpu:inst23|cpu_memory_access:memory_access_unit|state.STATE_WAITING_REQ                              ;
;  Reset signal destination node(s) from clock "CLK_PIN"                                                                              ; cpu:inst23|state.STATE_EXEC_INST_MEM_WAIT                                                            ;
;  Reset signal destination node(s) from clock "CLK_PIN"                                                                              ; cpu:inst23|state.STATE_EXEC_INST                                                                     ;
;  Reset signal destination node(s) from clock "CLK_PIN"                                                                              ; cpu:inst23|state.STATE_RD_INST_WAIT                                                                  ;
;  Reset signal destination node(s) from clock "CLK_PIN"                                                                              ; cpu:inst23|state.STATE_RD_INST_REQ                                                                   ;
;  Reset signal destination node(s) from clock "CLK_PIN"                                                                              ; cpu:inst23|state.STATE_NEXT_INST                                                                     ;
;  Reset signal destination node(s) from clock "CLK_PIN"                                                                              ; cpu:inst23|state.STATE_CHECK_INTR                                                                    ;
;  Reset signal destination node(s) from clock "CLK_PIN"                                                                              ; cpu:inst23|cpu_memory_access:memory_access_unit|state.STATE_DONE                                     ;
;  Reset signal destination node(s) from clock "CLK_PIN"                                                                              ; bus_arbitrator:inst16|state.STATE_CPU                                                                ;
;  Reset signal destination node(s) from clock "sev_seg_displays_controller:inst10|frequency_divider:refresh_tick_generator|slow_clk" ; sev_seg_displays_controller:inst10|counter:digit_counter|value[1]                                    ;
;  Reset signal destination node(s) from clock "sev_seg_displays_controller:inst10|frequency_divider:refresh_tick_generator|slow_clk" ; sev_seg_displays_controller:inst10|counter:digit_counter|value[0]                                    ;
;  Reset signal destination node(s) from clock "clocks:inst13|frequency_divider:khz_generator|slow_clk"                               ; sev_seg_displays_controller:inst10|frequency_divider:refresh_tick_generator|counter:counter|value[0] ;
+-------------------------------------------------------------------------------------------------------------------------------------+------------------------------------------------------------------------------------------------------+


+-----------------------------------------------------------------------------------------------------------------------------------------------------------------+
; Information only Violations                                                                                                                                     ;
+------------------------------------------------------------------+------------------------------------------------------------------------------------+---------+
; Rule name                                                        ; Name                                                                               ; Fan-Out ;
+------------------------------------------------------------------+------------------------------------------------------------------------------------+---------+
; Rule T101: Nodes with more than the specified number of fan-outs ; CLK_PIN~inputclkctrl                                                               ; 1238    ;
; Rule T101: Nodes with more than the specified number of fan-outs ; cpu:inst23|state.STATE_EXEC_INST                                                   ; 59      ;
; Rule T101: Nodes with more than the specified number of fan-outs ; cpu:inst23|Selector3~0                                                             ; 33      ;
; Rule T101: Nodes with more than the specified number of fan-outs ; cpu:inst23|state.STATE_RD_INST_REQ                                                 ; 33      ;
; Rule T101: Nodes with more than the specified number of fan-outs ; bus_arbitrator:inst16|state.STATE_CPU                                              ; 107     ;
; Rule T101: Nodes with more than the specified number of fan-outs ; cpu:inst23|cpu_memory_access:memory_access_unit|data_in[6]~1                       ; 32      ;
; Rule T101: Nodes with more than the specified number of fan-outs ; cpu:inst23|cpu_memory_access:memory_access_unit|mdr[6]~0                           ; 32      ;
; Rule T101: Nodes with more than the specified number of fan-outs ; cpu:inst23|cpu_ir_reg:ir_reg_unit|ir[21]                                           ; 198     ;
; Rule T101: Nodes with more than the specified number of fan-outs ; cpu:inst23|cpu_reg_file:gprs|data_rd2[4]~10                                        ; 48      ;
; Rule T101: Nodes with more than the specified number of fan-outs ; cpu:inst23|cpu_ir_reg:ir_reg_unit|ir[24]                                           ; 41      ;
; Rule T101: Nodes with more than the specified number of fan-outs ; cpu:inst23|cpu_reg_file:gprs|Decoder0~28                                           ; 32      ;
; Rule T101: Nodes with more than the specified number of fan-outs ; cpu:inst23|cpu_reg_file:gprs|WideOr1~0                                             ; 36      ;
; Rule T101: Nodes with more than the specified number of fan-outs ; cpu:inst23|cpu_ir_reg:ir_reg_unit|ir[23]                                           ; 199     ;
; Rule T101: Nodes with more than the specified number of fan-outs ; cpu:inst23|gpr_dst_in[23]~130                                                      ; 31      ;
; Rule T101: Nodes with more than the specified number of fan-outs ; cpu:inst23|cpu_ir_reg:ir_reg_unit|always1~3                                        ; 40      ;
; Rule T101: Nodes with more than the specified number of fan-outs ; cpu:inst23|cpu_ir_reg:ir_reg_unit|ir[20]                                           ; 198     ;
; Rule T101: Nodes with more than the specified number of fan-outs ; cpu:inst23|cpu_reg_file:gprs|Decoder0~33                                           ; 32      ;
; Rule T101: Nodes with more than the specified number of fan-outs ; cpu:inst23|cpu_reg_file:gprs|Decoder0~21                                           ; 32      ;
; Rule T101: Nodes with more than the specified number of fan-outs ; cpu:inst23|cpu_ir_reg:ir_reg_unit|ir[9]                                            ; 32      ;
; Rule T101: Nodes with more than the specified number of fan-outs ; cpu:inst23|gpr_dst_in[9]~267                                                       ; 31      ;
; Rule T101: Nodes with more than the specified number of fan-outs ; cpu:inst23|cpu_ir_reg:ir_reg_unit|ir[12]                                           ; 90      ;
; Rule T101: Nodes with more than the specified number of fan-outs ; cpu:inst23|cpu_reg_file:gprs|Decoder0~22                                           ; 32      ;
; Rule T101: Nodes with more than the specified number of fan-outs ; cpu:inst23|gpr_dst_in[11]~252                                                      ; 31      ;
; Rule T101: Nodes with more than the specified number of fan-outs ; cpu:inst23|alu_operand_b[3]~40                                                     ; 52      ;
; Rule T101: Nodes with more than the specified number of fan-outs ; cpu:inst23|cpu_ir_reg:ir_reg_unit|Decoder0~5                                       ; 42      ;
; Rule T101: Nodes with more than the specified number of fan-outs ; cpu:inst23|cpu_reg_file:gprs|Decoder0~31                                           ; 32      ;
; Rule T101: Nodes with more than the specified number of fan-outs ; cpu:inst23|cpu_ir_reg:ir_reg_unit|ir[8]                                            ; 32      ;
; Rule T101: Nodes with more than the specified number of fan-outs ; cpu:inst23|cpu_reg_file:gprs|data_rd2[4]~17                                        ; 48      ;
; Rule T101: Nodes with more than the specified number of fan-outs ; cpu:inst23|cpu_ir_reg:ir_reg_unit|ir[22]                                           ; 198     ;
; Rule T101: Nodes with more than the specified number of fan-outs ; cpu:inst23|cpu_reg_file:gprs|data_rd2[4]~13                                        ; 48      ;
; Rule T101: Nodes with more than the specified number of fan-outs ; cpu:inst23|gpr_dst_in[22]~141                                                      ; 31      ;
; Rule T101: Nodes with more than the specified number of fan-outs ; cpu:inst23|cpu_reg_file:gprs|Decoder0~34                                           ; 32      ;
; Rule T101: Nodes with more than the specified number of fan-outs ; cpu:inst23|gpr_dst_in[14]~227                                                      ; 31      ;
; Rule T101: Nodes with more than the specified number of fan-outs ; cpu:inst23|gpr_dst_in[3]                                                           ; 31      ;
; Rule T101: Nodes with more than the specified number of fan-outs ; cpu:inst23|cpu_ir_reg:ir_reg_unit|ir[13]                                           ; 81      ;
; Rule T101: Nodes with more than the specified number of fan-outs ; cpu:inst23|cpu_reg_file:gprs|Decoder0~17                                           ; 32      ;
; Rule T101: Nodes with more than the specified number of fan-outs ; cpu:inst23|gpr_dst_in[10]~260                                                      ; 31      ;
; Rule T101: Nodes with more than the specified number of fan-outs ; cpu:inst23|cpu_ir_reg:ir_reg_unit|Decoder0~4                                       ; 36      ;
; Rule T101: Nodes with more than the specified number of fan-outs ; cpu:inst23|gpr_dst_in[1]                                                           ; 31      ;
; Rule T101: Nodes with more than the specified number of fan-outs ; cpu:inst23|cpu_reg_file:gprs|Decoder0~32                                           ; 32      ;
; Rule T101: Nodes with more than the specified number of fan-outs ; cpu:inst23|gpr_dst_in[2]                                                           ; 31      ;
; Rule T101: Nodes with more than the specified number of fan-outs ; cpu:inst23|cpu_reg_file:gprs|Decoder0~19                                           ; 32      ;
; Rule T101: Nodes with more than the specified number of fan-outs ; cpu:inst23|gpr_dst_in[0]~12                                                        ; 31      ;
; Rule T101: Nodes with more than the specified number of fan-outs ; cpu:inst23|cpu_pc_reg:pc_reg_unit|curr_pc[31]~9                                    ; 31      ;
; Rule T101: Nodes with more than the specified number of fan-outs ; buttons_controller:inst4|debouncer:debouncers[4].debouncer|debounced_input~clkctrl ; 92      ;
; Rule T101: Nodes with more than the specified number of fan-outs ; cpu:inst23|alu_operand_b[4]~46                                                     ; 33      ;
; Rule T101: Nodes with more than the specified number of fan-outs ; cpu:inst23|gpr_dst_in[30]~46                                                       ; 31      ;
; Rule T101: Nodes with more than the specified number of fan-outs ; cpu:inst23|cpu_reg_file:gprs|Decoder0~4                                            ; 32      ;
; Rule T101: Nodes with more than the specified number of fan-outs ; cpu:inst23|gpr_dst_in[15]~215                                                      ; 31      ;
; Rule T101: Nodes with more than the specified number of fan-outs ; cpu:inst23|cpu_reg_file:gprs|Decoder0~14                                           ; 32      ;
; Rule T101: Nodes with more than the specified number of fan-outs ; cpu:inst23|cpu_ir_reg:ir_reg_unit|ir[18]                                           ; 197     ;
; Rule T101: Nodes with more than the specified number of fan-outs ; cpu:inst23|cpu_reg_file:gprs|Decoder0~20                                           ; 32      ;
; Rule T101: Nodes with more than the specified number of fan-outs ; cpu:inst23|gpr_dst_in[18]~185                                                      ; 31      ;
; Rule T101: Nodes with more than the specified number of fan-outs ; cpu:inst23|gpr_dst_in[31]~330                                                      ; 31      ;
; Rule T101: Nodes with more than the specified number of fan-outs ; cpu:inst23|alu_operand_b[0]~9                                                      ; 75      ;
; Rule T101: Nodes with more than the specified number of fan-outs ; cpu:inst23|cpu_reg_file:gprs|Decoder0~1                                            ; 32      ;
; Rule T101: Nodes with more than the specified number of fan-outs ; cpu:inst23|cpu_reg_file:gprs|Decoder0~3                                            ; 32      ;
; Rule T101: Nodes with more than the specified number of fan-outs ; cpu:inst23|cpu_reg_file:gprs|Decoder0~2                                            ; 32      ;
; Rule T101: Nodes with more than the specified number of fan-outs ; cpu:inst23|cpu_reg_file:gprs|Decoder0~15                                           ; 32      ;
; Rule T101: Nodes with more than the specified number of fan-outs ; cpu:inst23|cpu_reg_file:gprs|Decoder0~16                                           ; 32      ;
; Rule T101: Nodes with more than the specified number of fan-outs ; cpu:inst23|cpu_reg_file:gprs|Decoder0~8                                            ; 32      ;
; Rule T101: Nodes with more than the specified number of fan-outs ; cpu:inst23|cpu_reg_file:gprs|Decoder0~7                                            ; 32      ;
; Rule T101: Nodes with more than the specified number of fan-outs ; cpu:inst23|cpu_reg_file:gprs|Decoder0~6                                            ; 32      ;
; Rule T101: Nodes with more than the specified number of fan-outs ; cpu:inst23|cpu_reg_file:gprs|Decoder0~9                                            ; 32      ;
; Rule T101: Nodes with more than the specified number of fan-outs ; cpu:inst23|cpu_reg_file:gprs|Decoder0~13                                           ; 32      ;
; Rule T101: Nodes with more than the specified number of fan-outs ; cpu:inst23|cpu_reg_file:gprs|Decoder0~10                                           ; 32      ;
; Rule T101: Nodes with more than the specified number of fan-outs ; cpu:inst23|cpu_reg_file:gprs|Decoder0~11                                           ; 32      ;
; Rule T101: Nodes with more than the specified number of fan-outs ; cpu:inst23|cpu_reg_file:gprs|Decoder0~12                                           ; 32      ;
; Rule T101: Nodes with more than the specified number of fan-outs ; cpu:inst23|cpu_reg_file:gprs|data_rd2[4]~16                                        ; 48      ;
; Rule T101: Nodes with more than the specified number of fan-outs ; cpu:inst23|cpu_reg_file:gprs|Decoder0~27                                           ; 32      ;
; Rule T101: Nodes with more than the specified number of fan-outs ; cpu:inst23|cpu_reg_file:gprs|Decoder0~24                                           ; 32      ;
; Rule T101: Nodes with more than the specified number of fan-outs ; cpu:inst23|cpu_reg_file:gprs|Decoder0~25                                           ; 32      ;
; Rule T101: Nodes with more than the specified number of fan-outs ; cpu:inst23|cpu_reg_file:gprs|Decoder0~26                                           ; 32      ;
; Rule T101: Nodes with more than the specified number of fan-outs ; cpu:inst23|cpu_reg_file:gprs|Decoder0~29                                           ; 32      ;
; Rule T101: Nodes with more than the specified number of fan-outs ; cpu:inst23|cpu_reg_file:gprs|Decoder0~30                                           ; 32      ;
; Rule T101: Nodes with more than the specified number of fan-outs ; cpu:inst23|cpu_reg_file:gprs|data_rd1[20]~13                                       ; 48      ;
; Rule T101: Nodes with more than the specified number of fan-outs ; cpu:inst23|gpr_dst_in[19]~174                                                      ; 31      ;
; Rule T101: Nodes with more than the specified number of fan-outs ; cpu:inst23|cpu_ir_reg:ir_reg_unit|ir[16]                                           ; 196     ;
; Rule T101: Nodes with more than the specified number of fan-outs ; cpu:inst23|gpr_dst_in[16]~206                                                      ; 31      ;
; Rule T101: Nodes with more than the specified number of fan-outs ; cpu:inst23|cpu_ir_reg:ir_reg_unit|ir[17]                                           ; 196     ;
; Rule T101: Nodes with more than the specified number of fan-outs ; cpu:inst23|gpr_dst_in[17]~196                                                      ; 31      ;
; Rule T101: Nodes with more than the specified number of fan-outs ; cpu:inst23|cpu_reg_file:gprs|data_rd1[20]~2                                        ; 48      ;
; Rule T101: Nodes with more than the specified number of fan-outs ; cpu:inst23|gpr_dst_in[6]                                                           ; 31      ;
; Rule T101: Nodes with more than the specified number of fan-outs ; cpu:inst23|cpu_ir_reg:ir_reg_unit|mod[5]~1                                         ; 32      ;
; Rule T101: Nodes with more than the specified number of fan-outs ; cpu:inst23|alu_operand_b[1]~42                                                     ; 76      ;
; Rule T101: Nodes with more than the specified number of fan-outs ; cpu:inst23|cpu_ir_reg:ir_reg_unit|ir[15]                                           ; 196     ;
; Rule T101: Nodes with more than the specified number of fan-outs ; cpu:inst23|cpu_reg_file:gprs|data_rd1[20]~14                                       ; 48      ;
; Rule T101: Nodes with more than the specified number of fan-outs ; cpu:inst23|cpu_reg_file:gprs|data_rd1[20]~17                                       ; 48      ;
; Rule T101: Nodes with more than the specified number of fan-outs ; cpu:inst23|cpu_reg_file:gprs|WideOr0                                               ; 115     ;
; Rule T101: Nodes with more than the specified number of fan-outs ; cpu:inst23|alu_operand_b[2]~44                                                     ; 79      ;
; Rule T101: Nodes with more than the specified number of fan-outs ; cpu:inst23|gpr_dst_in[4]                                                           ; 31      ;
; Rule T101: Nodes with more than the specified number of fan-outs ; cpu:inst23|cpu_alu:alu_unit|Equal0~1                                               ; 37      ;
; Rule T101: Nodes with more than the specified number of fan-outs ; cpu:inst23|gpr_dst_in[27]~83                                                       ; 31      ;
; Rule T101: Nodes with more than the specified number of fan-outs ; cpu:inst23|gpr_dst_in[25]~107                                                      ; 31      ;
; Rule T101: Nodes with more than the specified number of fan-outs ; cpu:inst23|gpr_dst_in[20]~163                                                      ; 31      ;
; Rule T101: Nodes with more than the specified number of fan-outs ; cpu:inst23|gpr_dst_in[13]~235                                                      ; 31      ;
; Rule T101: Nodes with more than the specified number of fan-outs ; cpu:inst23|gpr_dst_in[24]~119                                                      ; 31      ;
; Rule T101: Nodes with more than the specified number of fan-outs ; cpu:inst23|gpr_dst_in[21]~152                                                      ; 31      ;
; Rule T101: Nodes with more than the specified number of fan-outs ; cpu:inst23|gpr_dst_in[29]                                                          ; 31      ;
; Rule T101: Nodes with more than the specified number of fan-outs ; cpu:inst23|gpr_dst_in[26]~95                                                       ; 31      ;
; Rule T101: Nodes with more than the specified number of fan-outs ; cpu:inst23|gpr_dst_in[28]                                                          ; 31      ;
; Rule T101: Nodes with more than the specified number of fan-outs ; cpu:inst23|gpr_dst_in[12]~244                                                      ; 31      ;
; Rule T101: Nodes with more than the specified number of fan-outs ; cpu:inst23|gpr_dst_in[5]                                                           ; 31      ;
; Rule T101: Nodes with more than the specified number of fan-outs ; cpu:inst23|gpr_dst_in[8]~274                                                       ; 31      ;
; Rule T101: Nodes with more than the specified number of fan-outs ; cpu:inst23|gpr_dst_in[7]                                                           ; 31      ;
; Rule T101: Nodes with more than the specified number of fan-outs ; cpu:inst23|cpu_memory_access:memory_access_unit|mar[31]~0                          ; 34      ;
; Rule T101: Nodes with more than the specified number of fan-outs ; cpu:inst23|cpu_memory_access:memory_access_unit|mar[0]                             ; 57      ;
; Rule T101: Nodes with more than the specified number of fan-outs ; addr_bus[1]~0                                                                      ; 64      ;
; Rule T101: Nodes with more than the specified number of fan-outs ; addr_bus[0]~10                                                                     ; 40      ;
; Rule T101: Nodes with more than the specified number of fan-outs ; sev_seg_bus_interface:inst7|Equal3~2                                               ; 34      ;
; Rule T102: Top nodes with the highest number of fan-outs         ; CLK_PIN~inputclkctrl                                                               ; 1238    ;
; Rule T102: Top nodes with the highest number of fan-outs         ; cpu:inst23|cpu_ir_reg:ir_reg_unit|ir[23]                                           ; 199     ;
; Rule T102: Top nodes with the highest number of fan-outs         ; cpu:inst23|cpu_ir_reg:ir_reg_unit|ir[21]                                           ; 198     ;
; Rule T102: Top nodes with the highest number of fan-outs         ; cpu:inst23|cpu_ir_reg:ir_reg_unit|ir[20]                                           ; 198     ;
; Rule T102: Top nodes with the highest number of fan-outs         ; cpu:inst23|cpu_ir_reg:ir_reg_unit|ir[22]                                           ; 198     ;
; Rule T102: Top nodes with the highest number of fan-outs         ; cpu:inst23|cpu_ir_reg:ir_reg_unit|ir[18]                                           ; 197     ;
; Rule T102: Top nodes with the highest number of fan-outs         ; cpu:inst23|cpu_ir_reg:ir_reg_unit|ir[17]                                           ; 196     ;
; Rule T102: Top nodes with the highest number of fan-outs         ; cpu:inst23|cpu_ir_reg:ir_reg_unit|ir[16]                                           ; 196     ;
; Rule T102: Top nodes with the highest number of fan-outs         ; cpu:inst23|cpu_ir_reg:ir_reg_unit|ir[15]                                           ; 196     ;
; Rule T102: Top nodes with the highest number of fan-outs         ; cpu:inst23|cpu_reg_file:gprs|WideOr0                                               ; 115     ;
; Rule T102: Top nodes with the highest number of fan-outs         ; bus_arbitrator:inst16|state.STATE_CPU                                              ; 107     ;
; Rule T102: Top nodes with the highest number of fan-outs         ; buttons_controller:inst4|debouncer:debouncers[4].debouncer|debounced_input~clkctrl ; 92      ;
; Rule T102: Top nodes with the highest number of fan-outs         ; cpu:inst23|cpu_ir_reg:ir_reg_unit|ir[12]                                           ; 90      ;
; Rule T102: Top nodes with the highest number of fan-outs         ; cpu:inst23|cpu_ir_reg:ir_reg_unit|ir[13]                                           ; 81      ;
; Rule T102: Top nodes with the highest number of fan-outs         ; cpu:inst23|alu_operand_b[2]~44                                                     ; 79      ;
; Rule T102: Top nodes with the highest number of fan-outs         ; cpu:inst23|alu_operand_b[1]~42                                                     ; 76      ;
; Rule T102: Top nodes with the highest number of fan-outs         ; cpu:inst23|alu_operand_b[0]~9                                                      ; 75      ;
; Rule T102: Top nodes with the highest number of fan-outs         ; addr_bus[1]~0                                                                      ; 64      ;
; Rule T102: Top nodes with the highest number of fan-outs         ; cpu:inst23|state.STATE_EXEC_INST                                                   ; 59      ;
; Rule T102: Top nodes with the highest number of fan-outs         ; cpu:inst23|cpu_memory_access:memory_access_unit|mar[0]                             ; 57      ;
; Rule T102: Top nodes with the highest number of fan-outs         ; cpu:inst23|alu_operand_b[3]~40                                                     ; 52      ;
; Rule T102: Top nodes with the highest number of fan-outs         ; cpu:inst23|cpu_reg_file:gprs|data_rd1[20]~2                                        ; 48      ;
; Rule T102: Top nodes with the highest number of fan-outs         ; cpu:inst23|cpu_reg_file:gprs|data_rd2[4]~17                                        ; 48      ;
; Rule T102: Top nodes with the highest number of fan-outs         ; cpu:inst23|cpu_reg_file:gprs|data_rd2[4]~16                                        ; 48      ;
; Rule T102: Top nodes with the highest number of fan-outs         ; cpu:inst23|cpu_reg_file:gprs|data_rd1[20]~17                                       ; 48      ;
; Rule T102: Top nodes with the highest number of fan-outs         ; cpu:inst23|cpu_reg_file:gprs|data_rd2[4]~10                                        ; 48      ;
; Rule T102: Top nodes with the highest number of fan-outs         ; cpu:inst23|cpu_reg_file:gprs|data_rd2[4]~13                                        ; 48      ;
; Rule T102: Top nodes with the highest number of fan-outs         ; cpu:inst23|cpu_reg_file:gprs|data_rd1[20]~13                                       ; 48      ;
; Rule T102: Top nodes with the highest number of fan-outs         ; cpu:inst23|cpu_reg_file:gprs|data_rd1[20]~14                                       ; 48      ;
; Rule T102: Top nodes with the highest number of fan-outs         ; cpu:inst23|cpu_ir_reg:ir_reg_unit|Decoder0~5                                       ; 42      ;
; Rule T102: Top nodes with the highest number of fan-outs         ; cpu:inst23|cpu_ir_reg:ir_reg_unit|ir[24]                                           ; 41      ;
; Rule T102: Top nodes with the highest number of fan-outs         ; cpu:inst23|cpu_ir_reg:ir_reg_unit|always1~3                                        ; 40      ;
; Rule T102: Top nodes with the highest number of fan-outs         ; addr_bus[0]~10                                                                     ; 40      ;
; Rule T102: Top nodes with the highest number of fan-outs         ; cpu:inst23|cpu_alu:alu_unit|Equal0~1                                               ; 37      ;
; Rule T102: Top nodes with the highest number of fan-outs         ; cpu:inst23|cpu_reg_file:gprs|WideOr1~0                                             ; 36      ;
; Rule T102: Top nodes with the highest number of fan-outs         ; cpu:inst23|cpu_ir_reg:ir_reg_unit|Decoder0~4                                       ; 36      ;
; Rule T102: Top nodes with the highest number of fan-outs         ; cpu:inst23|cpu_memory_access:memory_access_unit|mar[31]~0                          ; 34      ;
; Rule T102: Top nodes with the highest number of fan-outs         ; sev_seg_bus_interface:inst7|Equal3~2                                               ; 34      ;
; Rule T102: Top nodes with the highest number of fan-outs         ; cpu:inst23|alu_operand_b[4]~46                                                     ; 33      ;
; Rule T102: Top nodes with the highest number of fan-outs         ; cpu:inst23|state.STATE_RD_INST_REQ                                                 ; 33      ;
; Rule T102: Top nodes with the highest number of fan-outs         ; cpu:inst23|Selector3~0                                                             ; 33      ;
; Rule T102: Top nodes with the highest number of fan-outs         ; cpu:inst23|cpu_reg_file:gprs|Decoder0~3                                            ; 32      ;
; Rule T102: Top nodes with the highest number of fan-outs         ; cpu:inst23|cpu_reg_file:gprs|Decoder0~32                                           ; 32      ;
; Rule T102: Top nodes with the highest number of fan-outs         ; cpu:inst23|cpu_reg_file:gprs|Decoder0~24                                           ; 32      ;
; Rule T102: Top nodes with the highest number of fan-outs         ; cpu:inst23|cpu_ir_reg:ir_reg_unit|ir[9]                                            ; 32      ;
; Rule T102: Top nodes with the highest number of fan-outs         ; cpu:inst23|cpu_reg_file:gprs|Decoder0~27                                           ; 32      ;
; Rule T102: Top nodes with the highest number of fan-outs         ; cpu:inst23|cpu_reg_file:gprs|Decoder0~31                                           ; 32      ;
; Rule T102: Top nodes with the highest number of fan-outs         ; cpu:inst23|cpu_reg_file:gprs|Decoder0~1                                            ; 32      ;
; Rule T102: Top nodes with the highest number of fan-outs         ; cpu:inst23|cpu_reg_file:gprs|Decoder0~7                                            ; 32      ;
; Rule T102: Top nodes with the highest number of fan-outs         ; cpu:inst23|cpu_reg_file:gprs|Decoder0~26                                           ; 32      ;
+------------------------------------------------------------------+------------------------------------------------------------------------------------+---------+


+---------------------------+
; Design Assistant Messages ;
+---------------------------+
Info: *******************************************************************
Info: Running Quartus Prime Design Assistant
    Info: Version 22.1std.1 Build 917 02/14/2023 SC Lite Edition
    Info: Processing started: Wed Jul 12 09:35:45 2023
Info: Command: quartus_drc Niski -c Niski
Warning (18236): Number of processors has not been specified which may cause overloading on shared machines.  Set the global assignment NUM_PARALLEL_PROCESSORS in your QSF to an appropriate value for best performance.
Critical Warning (332012): Synopsys Design Constraints File file not found: 'Niski.sdc'. A Synopsys Design Constraints File is required by the Timing Analyzer to get proper timing constraints. Without it, the Compiler will not properly optimize the design.
Info (332144): No user constrained base clocks found in the design
Info (332143): No user constrained clock uncertainty found in the design. Calling "derive_clock_uncertainty"
Info (332123): Deriving Clock Uncertainty. Please refer to report_sdc in the Timing Analyzer to see clock uncertainties.
Critical Warning (308024): (High) Rule R101: Combinational logic used as a reset signal should be synchronized. Found 1 node(s) related to this rule.
    Critical Warning (308012): Node  "buttons_controller:inst4|debouncer:debouncers[4].debouncer|value_changed" File: C:/Programiranje/Projekti/Niski/Components/Debouncer.v Line: 16
Critical Warning (308060): (High) Rule D101: Data bits are not synchronized when transferred between asynchronous clock domains. (Value defined:2). Found 1 asynchronous clock domain interface structure(s) related to this rule.
    Critical Warning (308012): Node  "buttons_controller:inst4|debouncer:debouncers[4].debouncer|debounced_input" File: C:/Programiranje/Projekti/Niski/Components/Debouncer.v Line: 12
Critical Warning (308067): (High) Rule D103: Data bits are not correctly synchronized when transferred between asynchronous clock domains. (Value defined:2). Found 1 asynchronous clock domain interface structure(s) related to this rule.
    Critical Warning (308012): Node  "buttons_controller:inst4|debouncer:debouncers[4].debouncer|debounced_input" File: C:/Programiranje/Projekti/Niski/Components/Debouncer.v Line: 12
Warning (308020): (Medium) Rule A104: Design should not contain ripple clock structures. Found 1 ripple clock structure(s) related to this rule.
    Warning (308010): Node  "clocks:inst13|frequency_divider:mhz_generator|slow_clk" File: C:/Programiranje/Projekti/Niski/Components/Clocks.v Line: 25
Warning (308040): (Medium) Rule C104: Clock signal source should drive only clock input ports. Found 3 nodes related to this rule.
    Warning (308010): Node  "clocks:inst13|frequency_divider:mhz_generator|slow_clk" File: C:/Programiranje/Projekti/Niski/Components/Clocks.v Line: 25
    Warning (308010): Node  "sev_seg_displays_controller:inst10|frequency_divider:refresh_tick_generator|slow_clk" File: C:/Programiranje/Projekti/Niski/Components/Clocks.v Line: 25
    Warning (308010): Node  "clocks:inst13|frequency_divider:khz_generator|slow_clk" File: C:/Programiranje/Projekti/Niski/Components/Clocks.v Line: 25
Warning (308027): (Medium) Rule R105: The reset signal that is generated in one clock domain and used in another clock domain should be synchronized. Found 1 node(s) related to this rule.
    Warning (308010): Node  "buttons_controller:inst4|debouncer:debouncers[4].debouncer|debounced_input" File: C:/Programiranje/Projekti/Niski/Components/Debouncer.v Line: 12
Info (308046): (Information) Rule T101: Nodes with more than the specified number of fan-outs. (Value defined:30). Found 110 node(s) with highest fan-out.
    Info (308011): Node  "CLK_PIN~inputclkctrl"
    Info (308011): Node  "cpu:inst23|state.STATE_EXEC_INST" File: C:/Programiranje/Projekti/Niski/CPU/CPU.v Line: 106
    Info (308011): Node  "cpu:inst23|Selector3~0" File: C:/Programiranje/Projekti/Niski/CPU/CPU.v Line: 195
    Info (308011): Node  "cpu:inst23|state.STATE_RD_INST_REQ" File: C:/Programiranje/Projekti/Niski/CPU/CPU.v Line: 106
    Info (308011): Node  "bus_arbitrator:inst16|state.STATE_CPU" File: C:/Programiranje/Projekti/Niski/Bus/Arbitrator/Arbitrator.v Line: 19
    Info (308011): Node  "cpu:inst23|cpu_memory_access:memory_access_unit|data_in[6]~1" File: C:/Programiranje/Projekti/Niski/CPU/MemoryAccess.v Line: 83
    Info (308011): Node  "cpu:inst23|cpu_memory_access:memory_access_unit|mdr[6]~0" File: C:/Programiranje/Projekti/Niski/CPU/MemoryAccess.v Line: 83
    Info (308011): Node  "cpu:inst23|cpu_ir_reg:ir_reg_unit|ir[21]" File: C:/Programiranje/Projekti/Niski/CPU/IR.v Line: 78
    Info (308011): Node  "cpu:inst23|cpu_reg_file:gprs|data_rd2[4]~10" File: C:/Programiranje/Projekti/Niski/CPU/RegFile.v Line: 7
    Info (308011): Node  "cpu:inst23|cpu_ir_reg:ir_reg_unit|ir[24]" File: C:/Programiranje/Projekti/Niski/CPU/IR.v Line: 78
    Info (308011): Node  "cpu:inst23|cpu_reg_file:gprs|Decoder0~28" File: C:/Programiranje/Projekti/Niski/CPU/RegFile.v Line: 24
    Info (308011): Node  "cpu:inst23|cpu_reg_file:gprs|WideOr1~0" File: C:/Programiranje/Projekti/Niski/CPU/RegFile.v Line: 20
    Info (308011): Node  "cpu:inst23|cpu_ir_reg:ir_reg_unit|ir[23]" File: C:/Programiranje/Projekti/Niski/CPU/IR.v Line: 78
    Info (308011): Node  "cpu:inst23|gpr_dst_in[23]~130" File: C:/Programiranje/Projekti/Niski/CPU/CPU.v Line: 39
    Info (308011): Node  "cpu:inst23|cpu_ir_reg:ir_reg_unit|always1~3"
    Info (308011): Node  "cpu:inst23|cpu_ir_reg:ir_reg_unit|ir[20]" File: C:/Programiranje/Projekti/Niski/CPU/IR.v Line: 78
    Info (308011): Node  "cpu:inst23|cpu_reg_file:gprs|Decoder0~33" File: C:/Programiranje/Projekti/Niski/CPU/RegFile.v Line: 24
    Info (308011): Node  "cpu:inst23|cpu_reg_file:gprs|Decoder0~21" File: C:/Programiranje/Projekti/Niski/CPU/RegFile.v Line: 24
    Info (308011): Node  "cpu:inst23|cpu_ir_reg:ir_reg_unit|ir[9]" File: C:/Programiranje/Projekti/Niski/CPU/IR.v Line: 78
    Info (308011): Node  "cpu:inst23|gpr_dst_in[9]~267" File: C:/Programiranje/Projekti/Niski/CPU/CPU.v Line: 39
    Info (308011): Node  "cpu:inst23|cpu_ir_reg:ir_reg_unit|ir[12]" File: C:/Programiranje/Projekti/Niski/CPU/IR.v Line: 78
    Info (308011): Node  "cpu:inst23|cpu_reg_file:gprs|Decoder0~22" File: C:/Programiranje/Projekti/Niski/CPU/RegFile.v Line: 24
    Info (308011): Node  "cpu:inst23|gpr_dst_in[11]~252" File: C:/Programiranje/Projekti/Niski/CPU/CPU.v Line: 39
    Info (308011): Node  "cpu:inst23|alu_operand_b[3]~40" File: C:/Programiranje/Projekti/Niski/CPU/CPU.v Line: 41
    Info (308011): Node  "cpu:inst23|cpu_ir_reg:ir_reg_unit|Decoder0~5" File: C:/Programiranje/Projekti/Niski/CPU/IR.v Line: 45
    Info (308011): Node  "cpu:inst23|cpu_reg_file:gprs|Decoder0~31" File: C:/Programiranje/Projekti/Niski/CPU/RegFile.v Line: 24
    Info (308011): Node  "cpu:inst23|cpu_ir_reg:ir_reg_unit|ir[8]" File: C:/Programiranje/Projekti/Niski/CPU/IR.v Line: 78
    Info (308011): Node  "cpu:inst23|cpu_reg_file:gprs|data_rd2[4]~17" File: C:/Programiranje/Projekti/Niski/CPU/RegFile.v Line: 7
    Info (308011): Node  "cpu:inst23|cpu_ir_reg:ir_reg_unit|ir[22]" File: C:/Programiranje/Projekti/Niski/CPU/IR.v Line: 78
    Info (308011): Node  "cpu:inst23|cpu_reg_file:gprs|data_rd2[4]~13" File: C:/Programiranje/Projekti/Niski/CPU/RegFile.v Line: 7
    Info (308002): Truncated list of Design Assistant messages to 30 messages. Go to sections under Design Assistant section of Compilation Report for complete lists of Design Assistant messages generated.
Info (308044): (Information) Rule T102: Top nodes with the highest number of fan-outs. (Value defined:50). Found 50 node(s) with highest fan-out.
    Info (308011): Node  "CLK_PIN~inputclkctrl"
    Info (308011): Node  "cpu:inst23|cpu_ir_reg:ir_reg_unit|ir[23]" File: C:/Programiranje/Projekti/Niski/CPU/IR.v Line: 78
    Info (308011): Node  "cpu:inst23|cpu_ir_reg:ir_reg_unit|ir[21]" File: C:/Programiranje/Projekti/Niski/CPU/IR.v Line: 78
    Info (308011): Node  "cpu:inst23|cpu_ir_reg:ir_reg_unit|ir[20]" File: C:/Programiranje/Projekti/Niski/CPU/IR.v Line: 78
    Info (308011): Node  "cpu:inst23|cpu_ir_reg:ir_reg_unit|ir[22]" File: C:/Programiranje/Projekti/Niski/CPU/IR.v Line: 78
    Info (308011): Node  "cpu:inst23|cpu_ir_reg:ir_reg_unit|ir[18]" File: C:/Programiranje/Projekti/Niski/CPU/IR.v Line: 78
    Info (308011): Node  "cpu:inst23|cpu_ir_reg:ir_reg_unit|ir[17]" File: C:/Programiranje/Projekti/Niski/CPU/IR.v Line: 78
    Info (308011): Node  "cpu:inst23|cpu_ir_reg:ir_reg_unit|ir[16]" File: C:/Programiranje/Projekti/Niski/CPU/IR.v Line: 78
    Info (308011): Node  "cpu:inst23|cpu_ir_reg:ir_reg_unit|ir[15]" File: C:/Programiranje/Projekti/Niski/CPU/IR.v Line: 78
    Info (308011): Node  "cpu:inst23|cpu_reg_file:gprs|WideOr0" File: C:/Programiranje/Projekti/Niski/CPU/RegFile.v Line: 19
    Info (308011): Node  "bus_arbitrator:inst16|state.STATE_CPU" File: C:/Programiranje/Projekti/Niski/Bus/Arbitrator/Arbitrator.v Line: 19
    Info (308011): Node  "buttons_controller:inst4|debouncer:debouncers[4].debouncer|debounced_input~clkctrl" File: C:/Programiranje/Projekti/Niski/Components/Debouncer.v Line: 12
    Info (308011): Node  "cpu:inst23|cpu_ir_reg:ir_reg_unit|ir[12]" File: C:/Programiranje/Projekti/Niski/CPU/IR.v Line: 78
    Info (308011): Node  "cpu:inst23|cpu_ir_reg:ir_reg_unit|ir[13]" File: C:/Programiranje/Projekti/Niski/CPU/IR.v Line: 78
    Info (308011): Node  "cpu:inst23|alu_operand_b[2]~44" File: C:/Programiranje/Projekti/Niski/CPU/CPU.v Line: 41
    Info (308011): Node  "cpu:inst23|alu_operand_b[1]~42" File: C:/Programiranje/Projekti/Niski/CPU/CPU.v Line: 41
    Info (308011): Node  "cpu:inst23|alu_operand_b[0]~9" File: C:/Programiranje/Projekti/Niski/CPU/CPU.v Line: 41
    Info (308011): Node  "addr_bus[1]~0"
    Info (308011): Node  "cpu:inst23|state.STATE_EXEC_INST" File: C:/Programiranje/Projekti/Niski/CPU/CPU.v Line: 106
    Info (308011): Node  "cpu:inst23|cpu_memory_access:memory_access_unit|mar[0]" File: C:/Programiranje/Projekti/Niski/CPU/MemoryAccess.v Line: 83
    Info (308011): Node  "cpu:inst23|alu_operand_b[3]~40" File: C:/Programiranje/Projekti/Niski/CPU/CPU.v Line: 41
    Info (308011): Node  "cpu:inst23|cpu_reg_file:gprs|data_rd1[20]~2" File: C:/Programiranje/Projekti/Niski/CPU/RegFile.v Line: 7
    Info (308011): Node  "cpu:inst23|cpu_reg_file:gprs|data_rd2[4]~17" File: C:/Programiranje/Projekti/Niski/CPU/RegFile.v Line: 7
    Info (308011): Node  "cpu:inst23|cpu_reg_file:gprs|data_rd2[4]~16" File: C:/Programiranje/Projekti/Niski/CPU/RegFile.v Line: 7
    Info (308011): Node  "cpu:inst23|cpu_reg_file:gprs|data_rd1[20]~17" File: C:/Programiranje/Projekti/Niski/CPU/RegFile.v Line: 7
    Info (308011): Node  "cpu:inst23|cpu_reg_file:gprs|data_rd2[4]~10" File: C:/Programiranje/Projekti/Niski/CPU/RegFile.v Line: 7
    Info (308011): Node  "cpu:inst23|cpu_reg_file:gprs|data_rd2[4]~13" File: C:/Programiranje/Projekti/Niski/CPU/RegFile.v Line: 7
    Info (308011): Node  "cpu:inst23|cpu_reg_file:gprs|data_rd1[20]~13" File: C:/Programiranje/Projekti/Niski/CPU/RegFile.v Line: 7
    Info (308011): Node  "cpu:inst23|cpu_reg_file:gprs|data_rd1[20]~14" File: C:/Programiranje/Projekti/Niski/CPU/RegFile.v Line: 7
    Info (308011): Node  "cpu:inst23|cpu_ir_reg:ir_reg_unit|Decoder0~5" File: C:/Programiranje/Projekti/Niski/CPU/IR.v Line: 45
    Info (308002): Truncated list of Design Assistant messages to 30 messages. Go to sections under Design Assistant section of Compilation Report for complete lists of Design Assistant messages generated.
Info (308007): Design Assistant information: finished post-fitting analysis of current design -- generated 160 information messages and 8 warning messages
Info: Quartus Prime Design Assistant was successful. 0 errors, 16 warnings
    Info: Peak virtual memory: 4668 megabytes
    Info: Processing ended: Wed Jul 12 09:35:50 2023
    Info: Elapsed time: 00:00:05
    Info: Total CPU time (on all processors): 00:00:03


